<?xml version="1.0" encoding="UTF-8"?>
<!-- Generated by org.testng.reporters.JUnitReportReporter -->
<testsuite hostname="DESKTOP-L2D36IT" failures="0" tests="2" name="org.campus.DataProviderTest" time="8.996" errors="0" timestamp="2024-03-23T09:09:22 IST" skipped="0">
  <testcase classname="org.campus.DataProviderTest" name="TestChrome" time="5.022"/>
  <system-out/>
  <testcase classname="org.campus.DataProviderTest" name="TestChrome" time="3.974"/>
  <system-out/>
</testsuite> <!-- org.campus.DataProviderTest -->
