<?xml version="1.0" encoding="UTF-8"?>
<!-- Generated by org.testng.reporters.JUnitReportReporter -->
<testsuite hostname="DESKTOP-L2D36IT" failures="0" tests="8" name="org.campus.Academicmodule" time="32.611" errors="0" timestamp="2024-03-23T09:51:34 IST" skipped="4">
  <testcase classname="org.campus.Academicmodule" name="TC01" time="7.183"/>
  <system-out/>
  <testcase classname="org.campus.Academicmodule" name="TC01" time="8.868"/>
  <system-out/>
  <testcase classname="org.campus.Academicmodule" name="TC01" time="9.262"/>
  <system-out/>
  <testcase classname="org.campus.Academicmodule" name="TC01" time="7.298"/>
  <system-out/>
  <testcase classname="org.campus.Academicmodule" name="TC02">
    <skipped/>
  </testcase> <!-- TC02 -->
  <system-out/>
  <testcase classname="org.campus.Academicmodule" name="TC03">
    <skipped/>
  </testcase> <!-- TC03 -->
  <system-out/>
  <testcase classname="org.campus.Academicmodule" name="TC05">
    <skipped/>
  </testcase> <!-- TC05 -->
  <system-out/>
  <testcase classname="org.campus.Academicmodule" name="TCO4">
    <skipped/>
  </testcase> <!-- TCO4 -->
  <system-out/>
</testsuite> <!-- org.campus.Academicmodule -->
